<?xml version="1.0" encoding="UTF-8"?>
<!-- Generated by org.testng.reporters.JUnitXMLReporter -->
<testsuite ignored="0" hostname="BA-000311839" failures="0" tests="3" name="Default test" time="2.993" errors="0" timestamp="2023-02-13T08:26:29 PST">
  <testcase classname="com.telus.tests.PutPatchDelete" name="testDelete" time="1.8"/>
  <testcase classname="com.telus.tests.PutPatchDelete" name="testPatch" time="0.559"/>
  <testcase classname="com.telus.tests.PutPatchDelete" name="testPost" time="0.597"/>
</testsuite> <!-- Default test -->
